<?xml version="1.0" encoding="UTF-8"?>
<!-- Generated by org.testng.reporters.JUnitXMLReporter -->
<testsuite hostname="DESKTOP-GHCBEI2" ignored="0" name="Test" tests="6" failures="0" timestamp="2023-05-29T19:44:10 IST" time="71.772" errors="0">
  <testcase name="secondtestcase" time="12.956" classname="testNG.OpenGoogletestNG"/>
  <testcase name="thirdtestcase" time="8.534" classname="testNG.OpenGoogletestNG"/>
  <testcase name="firsttestcase" time="10.852" classname="testNG.OpenGoogletestNG"/>
  <testcase name="firsttestcase" time="7.151" classname="testNG.TestNGAnnotation"/>
  <testcase name="secondtestcase" time="30.841" classname="testNG.TestNGAnnotation"/>
  <testcase name="thirdtestcase" time="1.358" classname="testNG.TestNGAnnotation"/>
</testsuite> <!-- Test -->
