<?xml version="1.0" encoding="UTF-8"?>
<!-- Generated by org.testng.reporters.JUnitXMLReporter -->
<testsuite hostname="DESKTOP-GHCBEI2" ignored="0" name="Default test" tests="3" failures="0" timestamp="2023-05-29T19:15:42 IST" time="7.957" errors="0">
  <testcase name="firsttestcase" time="2.581" classname="testNG.TestNGAnnotation"/>
  <testcase name="secondtestcase" time="4.49" classname="testNG.TestNGAnnotation"/>
  <testcase name="thirdtestcase" time="0.803" classname="testNG.TestNGAnnotation"/>
</testsuite> <!-- Default test -->
